{"/Users/matheus/development/personal/retorioJs/server/services/competitionsService.js": {"path":"/Users/matheus/development/personal/retorioJs/server/services/competitionsService.js","statementMap":{"0":{"start":{"line":1,"column":21},"end":{"line":1,"column":51}},"1":{"start":{"line":2,"column":22},"end":{"line":2,"column":47}},"2":{"start":{"line":4,"column":16},"end":{"line":4,"column":49}},"3":{"start":{"line":6,"column":19},"end":{"line":13,"column":1}},"4":{"start":{"line":7,"column":20},"end":{"line":7,"column":25}},"5":{"start":{"line":8,"column":1},"end":{"line":10,"column":2}},"6":{"start":{"line":9,"column":2},"end":{"line":9,"column":20}},"7":{"start":{"line":11,"column":21},"end":{"line":11,"column":104}},"8":{"start":{"line":12,"column":1},"end":{"line":12,"column":54}},"9":{"start":{"line":15,"column":0},"end":{"line":17,"column":2}}},"fnMap":{"0":{"name":"(anonymous_0)","decl":{"start":{"line":6,"column":19},"end":{"line":6,"column":20}},"loc":{"start":{"line":6,"column":58},"end":{"line":13,"column":1}},"line":6}},"branchMap":{"0":{"loc":{"start":{"line":8,"column":1},"end":{"line":10,"column":2}},"type":"if","locations":[{"start":{"line":8,"column":1},"end":{"line":10,"column":2}},{"start":{"line":8,"column":1},"end":{"line":10,"column":2}}],"line":8},"1":{"loc":{"start":{"line":8,"column":5},"end":{"line":8,"column":28}},"type":"binary-expr","locations":[{"start":{"line":8,"column":5},"end":{"line":8,"column":19}},{"start":{"line":8,"column":23},"end":{"line":8,"column":28}}],"line":8}},"s":{"0":1,"1":1,"2":1,"3":1,"4":1,"5":1,"6":0,"7":1,"8":1,"9":1},"f":{"0":1},"b":{"0":[0,1],"1":[1,1]},"_coverageSchema":"1a1c01bbd47fc00a2c39e90264f33305004495a9","hash":"854f7ee698f81274ecdab3f35470cdcbde256d8a"}
,"/Users/matheus/development/personal/retorioJs/server/services/teamsService.js": {"path":"/Users/matheus/development/personal/retorioJs/server/services/teamsService.js","statementMap":{"0":{"start":{"line":1,"column":21},"end":{"line":1,"column":51}},"1":{"start":{"line":3,"column":16},"end":{"line":3,"column":49}},"2":{"start":{"line":5,"column":15},"end":{"line":7,"column":1}},"3":{"start":{"line":6,"column":1},"end":{"line":6,"column":61}},"4":{"start":{"line":9,"column":16},"end":{"line":14,"column":1}},"5":{"start":{"line":10,"column":1},"end":{"line":12,"column":2}},"6":{"start":{"line":11,"column":2},"end":{"line":11,"column":40}},"7":{"start":{"line":13,"column":1},"end":{"line":13,"column":49}},"8":{"start":{"line":16,"column":26},"end":{"line":39,"column":1}},"9":{"start":{"line":17,"column":16},"end":{"line":17,"column":30}},"10":{"start":{"line":19,"column":2},"end":{"line":19,"column":92}},"11":{"start":{"line":21,"column":19},"end":{"line":21,"column":40}},"12":{"start":{"line":23,"column":18},"end":{"line":30,"column":2}},"13":{"start":{"line":33,"column":20},"end":{"line":36,"column":2}},"14":{"start":{"line":38,"column":1},"end":{"line":38,"column":19}},"15":{"start":{"line":41,"column":19},"end":{"line":86,"column":1}},"16":{"start":{"line":42,"column":22},"end":{"line":42,"column":24}},"17":{"start":{"line":43,"column":16},"end":{"line":47,"column":2}},"18":{"start":{"line":48,"column":19},"end":{"line":48,"column":24}},"19":{"start":{"line":49,"column":16},"end":{"line":49,"column":21}},"20":{"start":{"line":50,"column":19},"end":{"line":50,"column":20}},"21":{"start":{"line":52,"column":1},"end":{"line":81,"column":2}},"22":{"start":{"line":53,"column":2},"end":{"line":69,"column":3}},"23":{"start":{"line":54,"column":3},"end":{"line":54,"column":19}},"24":{"start":{"line":55,"column":3},"end":{"line":55,"column":25}},"25":{"start":{"line":56,"column":3},"end":{"line":60,"column":4}},"26":{"start":{"line":57,"column":4},"end":{"line":57,"column":23}},"27":{"start":{"line":59,"column":4},"end":{"line":59,"column":24}},"28":{"start":{"line":61,"column":9},"end":{"line":69,"column":3}},"29":{"start":{"line":62,"column":3},"end":{"line":62,"column":25}},"30":{"start":{"line":63,"column":3},"end":{"line":63,"column":20}},"31":{"start":{"line":64,"column":3},"end":{"line":68,"column":4}},"32":{"start":{"line":65,"column":4},"end":{"line":65,"column":23}},"33":{"start":{"line":67,"column":4},"end":{"line":67,"column":24}},"34":{"start":{"line":71,"column":2},"end":{"line":71,"column":90}},"35":{"start":{"line":72,"column":17},"end":{"line":78,"column":3}},"36":{"start":{"line":80,"column":2},"end":{"line":80,"column":50}},"37":{"start":{"line":82,"column":22},"end":{"line":82,"column":65}},"38":{"start":{"line":83,"column":1},"end":{"line":83,"column":118}},"39":{"start":{"line":84,"column":1},"end":{"line":84,"column":23}},"40":{"start":{"line":88,"column":0},"end":{"line":93,"column":2}}},"fnMap":{"0":{"name":"(anonymous_0)","decl":{"start":{"line":5,"column":15},"end":{"line":5,"column":16}},"loc":{"start":{"line":5,"column":33},"end":{"line":7,"column":1}},"line":5},"1":{"name":"(anonymous_1)","decl":{"start":{"line":9,"column":16},"end":{"line":9,"column":17}},"loc":{"start":{"line":9,"column":28},"end":{"line":14,"column":1}},"line":9},"2":{"name":"(anonymous_2)","decl":{"start":{"line":16,"column":26},"end":{"line":16,"column":27}},"loc":{"start":{"line":16,"column":51},"end":{"line":39,"column":1}},"line":16},"3":{"name":"teamMatches","decl":{"start":{"line":18,"column":10},"end":{"line":18,"column":21}},"loc":{"start":{"line":18,"column":29},"end":{"line":20,"column":2}},"line":18},"4":{"name":"(anonymous_4)","decl":{"start":{"line":41,"column":19},"end":{"line":41,"column":20}},"loc":{"start":{"line":41,"column":44},"end":{"line":86,"column":1}},"line":41}},"branchMap":{"0":{"loc":{"start":{"line":10,"column":1},"end":{"line":12,"column":2}},"type":"if","locations":[{"start":{"line":10,"column":1},"end":{"line":12,"column":2}},{"start":{"line":10,"column":1},"end":{"line":12,"column":2}}],"line":10},"1":{"loc":{"start":{"line":19,"column":10},"end":{"line":19,"column":90}},"type":"binary-expr","locations":[{"start":{"line":19,"column":10},"end":{"line":19,"column":48}},{"start":{"line":19,"column":52},"end":{"line":19,"column":90}}],"line":19},"2":{"loc":{"start":{"line":53,"column":2},"end":{"line":69,"column":3}},"type":"if","locations":[{"start":{"line":53,"column":2},"end":{"line":69,"column":3}},{"start":{"line":53,"column":2},"end":{"line":69,"column":3}}],"line":53},"3":{"loc":{"start":{"line":56,"column":3},"end":{"line":60,"column":4}},"type":"if","locations":[{"start":{"line":56,"column":3},"end":{"line":60,"column":4}},{"start":{"line":56,"column":3},"end":{"line":60,"column":4}}],"line":56},"4":{"loc":{"start":{"line":61,"column":9},"end":{"line":69,"column":3}},"type":"if","locations":[{"start":{"line":61,"column":9},"end":{"line":69,"column":3}},{"start":{"line":61,"column":9},"end":{"line":69,"column":3}}],"line":61},"5":{"loc":{"start":{"line":64,"column":3},"end":{"line":68,"column":4}},"type":"if","locations":[{"start":{"line":64,"column":3},"end":{"line":68,"column":4}},{"start":{"line":64,"column":3},"end":{"line":68,"column":4}}],"line":64},"6":{"loc":{"start":{"line":71,"column":17},"end":{"line":71,"column":89}},"type":"cond-expr","locations":[{"start":{"line":71,"column":28},"end":{"line":71,"column":57}},{"start":{"line":71,"column":60},"end":{"line":71,"column":89}}],"line":71},"7":{"loc":{"start":{"line":76,"column":13},"end":{"line":76,"column":85}},"type":"cond-expr","locations":[{"start":{"line":76,"column":24},"end":{"line":76,"column":53}},{"start":{"line":76,"column":56},"end":{"line":76,"column":85}}],"line":76}},"s":{"0":1,"1":1,"2":1,"3":0,"4":1,"5":1,"6":0,"7":1,"8":1,"9":1,"10":216,"11":1,"12":1,"13":1,"14":1,"15":1,"16":1,"17":1,"18":1,"19":1,"20":1,"21":1,"22":10,"23":5,"24":5,"25":5,"26":4,"27":1,"28":5,"29":5,"30":5,"31":5,"32":0,"33":5,"34":10,"35":10,"36":10,"37":1,"38":1,"39":1,"40":1},"f":{"0":0,"1":1,"2":1,"3":216,"4":1},"b":{"0":[0,1],"1":[216,211],"2":[5,5],"3":[4,1],"4":[5,0],"5":[0,5],"6":[5,5],"7":[5,5]},"_coverageSchema":"1a1c01bbd47fc00a2c39e90264f33305004495a9","hash":"c034ba5cf27bf4e4a15353bcd558a7b2ae9423a5"}
,"/Users/matheus/development/personal/retorioJs/server/utils/urlFetcher.js": {"path":"/Users/matheus/development/personal/retorioJs/server/utils/urlFetcher.js","statementMap":{"0":{"start":{"line":1,"column":14},"end":{"line":1,"column":30}},"1":{"start":{"line":3,"column":16},"end":{"line":7,"column":1}},"2":{"start":{"line":9,"column":0},"end":{"line":17,"column":2}},"3":{"start":{"line":10,"column":1},"end":{"line":16,"column":2}},"4":{"start":{"line":11,"column":19},"end":{"line":11,"column":48}},"5":{"start":{"line":12,"column":2},"end":{"line":12,"column":23}},"6":{"start":{"line":14,"column":2},"end":{"line":14,"column":39}},"7":{"start":{"line":15,"column":2},"end":{"line":15,"column":25}}},"fnMap":{"0":{"name":"(anonymous_0)","decl":{"start":{"line":9,"column":19},"end":{"line":9,"column":20}},"loc":{"start":{"line":9,"column":32},"end":{"line":17,"column":1}},"line":9}},"branchMap":{},"s":{"0":1,"1":1,"2":1,"3":2,"4":2,"5":2,"6":0,"7":0},"f":{"0":2},"b":{},"_coverageSchema":"1a1c01bbd47fc00a2c39e90264f33305004495a9","hash":"2143e61e6caef14f130335b760d5d17180ff6547"}
}
