TN:
SF:server/services/competitionsService.js
FN:6,(anonymous_0)
FNF:1
FNH:1
FNDA:1,(anonymous_0)
DA:1,1
DA:2,1
DA:4,1
DA:6,1
DA:7,1
DA:8,1
DA:9,0
DA:11,1
DA:12,1
DA:15,1
LF:10
LH:9
BRDA:8,0,0,0
BRDA:8,0,1,1
BRDA:8,1,0,1
BRDA:8,1,1,1
BRF:4
BRH:3
end_of_record
TN:
SF:server/services/teamsService.js
FN:5,(anonymous_0)
FN:9,(anonymous_1)
FN:16,(anonymous_2)
FN:18,teamMatches
FN:41,(anonymous_4)
FNF:5
FNH:4
FNDA:0,(anonymous_0)
FNDA:1,(anonymous_1)
FNDA:1,(anonymous_2)
FNDA:216,teamMatches
FNDA:1,(anonymous_4)
DA:1,1
DA:3,1
DA:5,1
DA:6,0
DA:9,1
DA:10,1
DA:11,0
DA:13,1
DA:16,1
DA:17,1
DA:19,216
DA:21,1
DA:23,1
DA:33,1
DA:38,1
DA:41,1
DA:42,1
DA:43,1
DA:48,1
DA:49,1
DA:50,1
DA:52,1
DA:53,10
DA:54,5
DA:55,5
DA:56,5
DA:57,4
DA:59,1
DA:61,5
DA:62,5
DA:63,5
DA:64,5
DA:65,0
DA:67,5
DA:71,10
DA:72,10
DA:80,10
DA:82,1
DA:83,1
DA:84,1
DA:88,1
LF:41
LH:38
BRDA:10,0,0,0
BRDA:10,0,1,1
BRDA:19,1,0,216
BRDA:19,1,1,211
BRDA:53,2,0,5
BRDA:53,2,1,5
BRDA:56,3,0,4
BRDA:56,3,1,1
BRDA:61,4,0,5
BRDA:61,4,1,0
BRDA:64,5,0,0
BRDA:64,5,1,5
BRDA:71,6,0,5
BRDA:71,6,1,5
BRDA:76,7,0,5
BRDA:76,7,1,5
BRF:16
BRH:13
end_of_record
TN:
SF:server/utils/urlFetcher.js
FN:9,(anonymous_0)
FNF:1
FNH:1
FNDA:2,(anonymous_0)
DA:1,1
DA:3,1
DA:9,1
DA:10,2
DA:11,2
DA:12,2
DA:14,0
DA:15,0
LF:8
LH:6
BRF:0
BRH:0
end_of_record
